# JRE version: OpenJDK Runtime Environment (17.0.6) (build 17.0.6+0-b2043.56-9586694)
# Java VM: OpenJDK 64-Bit Server VM (17.0.6+0-b2043.56-9586694, mixed mode, tiered, compressed oops, compressed class ptrs, g1 gc, windows-amd64)
GC Precious Log:
 CPUs: 4 total, 4 available
 Memory: 16223M
 Large Page Support: Disabled
 NUMA Support: Disabled
 Compressed Oops: Enabled (32-bit)
 Heap Region Size: 1M
 Heap Min Capacity: 8M
 Heap Initial Capacity: 254M
 Heap Max Capacity: 2G
 Pre-touch: Disabled
 Parallel Workers: 4
 Concurrent Workers: 1
 Concurrent Refinement Workers: 4
 Periodic GC: Disabled
Heap:
 garbage-first heap   total 292864K, used 189952K [0x0000000080000000, 0x0000000100000000)
  region size 1024K, 4 young (4096K), 4 survivors (4096K)
 Metaspace       used 107575K, committed 108224K, reserved 1146880K
  class space    used 14689K, committed 14976K, reserved 1048576K
GC Heap History (20 events):
Event: 9.674 GC heap after
{Heap after GC invocations=25 (full 0):
 garbage-first heap   total 124928K, used 63639K [0x0000000080000000, 0x0000000100000000)
  region size 1024K, 2 young (2048K), 2 survivors (2048K)
 Metaspace       used 71821K, committed 72320K, reserved 1114112K
  class space    used 9413K, committed 9664K, reserved 1048576K
}
Event: 9.923 GC heap before
{Heap before GC invocations=25 (full 0):
 garbage-first heap   total 124928K, used 97431K [0x0000000080000000, 0x0000000100000000)
  region size 1024K, 35 young (35840K), 2 survivors (2048K)
 Metaspace       used 72043K, committed 72640K, reserved 1114112K
  class space    used 9452K, committed 9728K, reserved 1048576K
}
Event: 9.933 GC heap after
{Heap after GC invocations=26 (full 0):
 garbage-first heap   total 282624K, used 66480K [0x0000000080000000, 0x0000000100000000)
  region size 1024K, 5 young (5120K), 5 survivors (5120K)
 Metaspace       used 72043K, committed 72640K, reserved 1114112K
  class space    used 9452K, committed 9728K, reserved 1048576K
}
Event: 12.182 GC heap before
{Heap before GC invocations=27 (full 0):
 garbage-first heap   total 239616K, used 197552K [0x0000000080000000, 0x0000000100000000)
  region size 1024K, 133 young (136192K), 5 survivors (5120K)
 Metaspace       used 86718K, committed 87296K, reserved 1130496K
  class space    used 11710K, committed 11968K, reserved 1048576K
}
Event: 12.200 GC heap after
{Heap after GC invocations=28 (full 0):
 garbage-first heap   total 239616K, used 75420K [0x0000000080000000, 0x0000000100000000)
  region size 1024K, 14 young (14336K), 14 survivors (14336K)
 Metaspace       used 86718K, committed 87296K, reserved 1130496K
  class space    used 11710K, committed 11968K, reserved 1048576K
}
Event: 13.513 GC heap before
{Heap before GC invocations=28 (full 0):
 garbage-first heap   total 239616K, used 182940K [0x0000000080000000, 0x0000000100000000)
  region size 1024K, 119 young (121856K), 14 survivors (14336K)
 Metaspace       used 93254K, committed 93824K, reserved 1130496K
  class space    used 12607K, committed 12864K, reserved 1048576K
}
Event: 13.542 GC heap after
{Heap after GC invocations=29 (full 0):
 garbage-first heap   total 239616K, used 89261K [0x0000000080000000, 0x0000000100000000)
  region size 1024K, 14 young (14336K), 14 survivors (14336K)
 Metaspace       used 93254K, committed 93824K, reserved 1130496K
  class space    used 12607K, committed 12864K, reserved 1048576K
}
Event: 15.225 GC heap before
{Heap before GC invocations=29 (full 0):
 garbage-first heap   total 239616K, used 182445K [0x0000000080000000, 0x0000000100000000)
  region size 1024K, 106 young (108544K), 14 survivors (14336K)
 Metaspace       used 97416K, committed 98112K, reserved 1138688K
  class space    used 13143K, committed 13504K, reserved 1048576K
}
Event: 15.250 GC heap after
{Heap after GC invocations=30 (full 0):
 garbage-first heap   total 239616K, used 98004K [0x0000000080000000, 0x0000000100000000)
  region size 1024K, 10 young (10240K), 10 survivors (10240K)
 Metaspace       used 97416K, committed 98112K, reserved 1138688K
  class space    used 13143K, committed 13504K, reserved 1048576K
}
Event: 16.617 GC heap before
{Heap before GC invocations=30 (full 0):
 garbage-first heap   total 239616K, used 186068K [0x0000000080000000, 0x0000000100000000)
  region size 1024K, 97 young (99328K), 10 survivors (10240K)
 Metaspace       used 100820K, committed 101504K, reserved 1138688K
  class space    used 13572K, committed 13888K, reserved 1048576K
}
Event: 16.638 GC heap after
{Heap after GC invocations=31 (full 0):
 garbage-first heap   total 239616K, used 106212K [0x0000000080000000, 0x0000000100000000)
  region size 1024K, 8 young (8192K), 8 survivors (8192K)
 Metaspace       used 100820K, committed 101504K, reserved 1138688K
  class space    used 13572K, committed 13888K, reserved 1048576K
}
Event: 17.191 GC heap before
{Heap before GC invocations=31 (full 0):
 garbage-first heap   total 239616K, used 156388K [0x0000000080000000, 0x0000000100000000)
  region size 1024K, 51 young (52224K), 8 survivors (8192K)
 Metaspace       used 101723K, committed 102400K, reserved 1138688K
  class space    used 13721K, committed 14080K, reserved 1048576K
}
Event: 17.206 GC heap after
{Heap after GC invocations=32 (full 0):
 garbage-first heap   total 239616K, used 119446K [0x0000000080000000, 0x0000000100000000)
  region size 1024K, 6 young (6144K), 6 survivors (6144K)
 Metaspace       used 101723K, committed 102400K, reserved 1138688K
  class space    used 13721K, committed 14080K, reserved 1048576K
}
Event: 18.121 GC heap before
{Heap before GC invocations=33 (full 0):
 garbage-first heap   total 239616K, used 220822K [0x0000000080000000, 0x0000000100000000)
  region size 1024K, 74 young (75776K), 6 survivors (6144K)
 Metaspace       used 106118K, committed 106752K, reserved 1146880K
  class space    used 14427K, committed 14720K, reserved 1048576K
}
Event: 18.164 GC heap after
{Heap after GC invocations=34 (full 0):
 garbage-first heap   total 249856K, used 155920K [0x0000000080000000, 0x0000000100000000)
  region size 1024K, 10 young (10240K), 10 survivors (10240K)
 Metaspace       used 106118K, committed 106752K, reserved 1146880K
  class space    used 14427K, committed 14720K, reserved 1048576K
}
Event: 18.212 GC heap before
{Heap before GC invocations=34 (full 0):
 garbage-first heap   total 249856K, used 157968K [0x0000000080000000, 0x0000000100000000)
  region size 1024K, 12 young (12288K), 10 survivors (10240K)
 Metaspace       used 106749K, committed 107392K, reserved 1146880K
  class space    used 14616K, committed 14912K, reserved 1048576K
}
Event: 18.230 GC heap after
{Heap after GC invocations=35 (full 0):
 garbage-first heap   total 249856K, used 157184K [0x0000000080000000, 0x0000000100000000)
  region size 1024K, 1 young (1024K), 1 survivors (1024K)
 Metaspace       used 106749K, committed 107392K, reserved 1146880K
  class space    used 14616K, committed 14912K, reserved 1048576K
}
Event: 18.648 GC heap before
{Heap before GC invocations=35 (full 0):
 garbage-first heap   total 249856K, used 200192K [0x0000000080000000, 0x0000000100000000)
  region size 1024K, 43 young (44032K), 1 survivors (1024K)
 Metaspace       used 107563K, committed 108160K, reserved 1146880K
  class space    used 14689K, committed 14976K, reserved 1048576K
}
Event: 18.678 GC heap after
{Heap after GC invocations=36 (full 0):
 garbage-first heap   total 249856K, used 177152K [0x0000000080000000, 0x0000000100000000)
  region size 1024K, 6 young (6144K), 6 survivors (6144K)
 Metaspace       used 107563K, committed 108160K, reserved 1146880K
  class space    used 14689K, committed 14976K, reserved 1048576K
}
Event: 18.945 GC heap before
{Heap before GC invocations=36 (full 0):
 garbage-first heap   total 249856K, used 201728K [0x0000000080000000, 0x0000000100000000)
  region size 1024K, 30 young (30720K), 6 survivors (6144K)
 Metaspace       used 107575K, committed 108224K, reserved 1146880K
  class space    used 14689K, committed 14976K, reserved 1048576K
}

