# JRE version: OpenJDK Runtime Environment (17.0.6) (build 17.0.6+0-b2043.56-9586694)
# Java VM: OpenJDK 64-Bit Server VM (17.0.6+0-b2043.56-9586694, mixed mode, tiered, compressed oops, compressed class ptrs, g1 gc, windows-amd64)
GC Precious Log:
 CPUs: 4 total, 4 available
 Memory: 16223M
 Large Page Support: Disabled
 NUMA Support: Disabled
 Compressed Oops: Enabled (32-bit)
 Heap Region Size: 1M
 Heap Min Capacity: 8M
 Heap Initial Capacity: 254M
 Heap Max Capacity: 2G
 Pre-touch: Disabled
 Parallel Workers: 4
 Concurrent Workers: 1
 Concurrent Refinement Workers: 4
 Periodic GC: Disabled
Heap:
 garbage-first heap   total 269312K, used 189639K [0x0000000080000000, 0x0000000100000000)
  region size 1024K, 4 young (4096K), 4 survivors (4096K)
 Metaspace       used 107701K, committed 108416K, reserved 1146880K
  class space    used 14689K, committed 15040K, reserved 1048576K
GC Heap History (20 events):
Event: 11.072 GC heap after
{Heap after GC invocations=29 (full 0):
 garbage-first heap   total 121856K, used 62771K [0x0000000080000000, 0x0000000100000000)
  region size 1024K, 1 young (1024K), 1 survivors (1024K)
 Metaspace       used 71861K, committed 72384K, reserved 1114112K
  class space    used 9422K, committed 9664K, reserved 1048576K
}
Event: 11.341 GC heap before
{Heap before GC invocations=29 (full 0):
 garbage-first heap   total 121856K, used 96563K [0x0000000080000000, 0x0000000100000000)
  region size 1024K, 34 young (34816K), 1 survivors (1024K)
 Metaspace       used 72076K, committed 72640K, reserved 1114112K
  class space    used 9460K, committed 9728K, reserved 1048576K
}
Event: 11.350 GC heap after
{Heap after GC invocations=30 (full 0):
 garbage-first heap   total 269312K, used 65311K [0x0000000080000000, 0x0000000100000000)
  region size 1024K, 4 young (4096K), 4 survivors (4096K)
 Metaspace       used 72076K, committed 72640K, reserved 1114112K
  class space    used 9460K, committed 9728K, reserved 1048576K
}
Event: 13.616 GC heap before
{Heap before GC invocations=31 (full 0):
 garbage-first heap   total 242688K, used 196383K [0x0000000080000000, 0x0000000100000000)
  region size 1024K, 132 young (135168K), 4 survivors (4096K)
 Metaspace       used 86842K, committed 87424K, reserved 1130496K
  class space    used 11740K, committed 12032K, reserved 1048576K
}
Event: 13.636 GC heap after
{Heap after GC invocations=32 (full 0):
 garbage-first heap   total 242688K, used 74055K [0x0000000080000000, 0x0000000100000000)
  region size 1024K, 12 young (12288K), 12 survivors (12288K)
 Metaspace       used 86842K, committed 87424K, reserved 1130496K
  class space    used 11740K, committed 12032K, reserved 1048576K
}
Event: 13.649 GC heap before
{Heap before GC invocations=32 (full 0):
 garbage-first heap   total 242688K, used 75079K [0x0000000080000000, 0x0000000100000000)
  region size 1024K, 13 young (13312K), 12 survivors (12288K)
 Metaspace       used 87002K, committed 87552K, reserved 1130496K
  class space    used 11765K, committed 12032K, reserved 1048576K
}
Event: 13.668 GC heap after
{Heap after GC invocations=33 (full 0):
 garbage-first heap   total 242688K, used 74356K [0x0000000080000000, 0x0000000100000000)
  region size 1024K, 1 young (1024K), 1 survivors (1024K)
 Metaspace       used 87002K, committed 87552K, reserved 1130496K
  class space    used 11765K, committed 12032K, reserved 1048576K
}
Event: 15.178 GC heap before
{Heap before GC invocations=33 (full 0):
 garbage-first heap   total 242688K, used 186996K [0x0000000080000000, 0x0000000100000000)
  region size 1024K, 112 young (114688K), 1 survivors (1024K)
 Metaspace       used 93864K, committed 94464K, reserved 1130496K
  class space    used 12673K, committed 12992K, reserved 1048576K
}
Event: 15.205 GC heap after
{Heap after GC invocations=34 (full 0):
 garbage-first heap   total 242688K, used 89221K [0x0000000080000000, 0x0000000100000000)
  region size 1024K, 14 young (14336K), 14 survivors (14336K)
 Metaspace       used 93864K, committed 94464K, reserved 1130496K
  class space    used 12673K, committed 12992K, reserved 1048576K
}
Event: 17.171 GC heap before
{Heap before GC invocations=34 (full 0):
 garbage-first heap   total 242688K, used 184453K [0x0000000080000000, 0x0000000100000000)
  region size 1024K, 108 young (110592K), 14 survivors (14336K)
 Metaspace       used 97496K, committed 98176K, reserved 1138688K
  class space    used 13145K, committed 13440K, reserved 1048576K
}
Event: 17.196 GC heap after
{Heap after GC invocations=35 (full 0):
 garbage-first heap   total 242688K, used 97904K [0x0000000080000000, 0x0000000100000000)
  region size 1024K, 9 young (9216K), 9 survivors (9216K)
 Metaspace       used 97496K, committed 98176K, reserved 1138688K
  class space    used 13145K, committed 13440K, reserved 1048576K
}
Event: 18.592 GC heap before
{Heap before GC invocations=35 (full 0):
 garbage-first heap   total 242688K, used 188016K [0x0000000080000000, 0x0000000100000000)
  region size 1024K, 98 young (100352K), 9 survivors (9216K)
 Metaspace       used 101139K, committed 101824K, reserved 1138688K
  class space    used 13633K, committed 13952K, reserved 1048576K
}
Event: 18.610 GC heap after
{Heap after GC invocations=36 (full 0):
 garbage-first heap   total 242688K, used 105486K [0x0000000080000000, 0x0000000100000000)
  region size 1024K, 8 young (8192K), 8 survivors (8192K)
 Metaspace       used 101139K, committed 101824K, reserved 1138688K
  class space    used 13633K, committed 13952K, reserved 1048576K
}
Event: 19.412 GC heap before
{Heap before GC invocations=36 (full 0):
 garbage-first heap   total 242688K, used 182286K [0x0000000080000000, 0x0000000100000000)
  region size 1024K, 57 young (58368K), 8 survivors (8192K)
 Metaspace       used 104744K, committed 105472K, reserved 1146880K
  class space    used 14146K, committed 14528K, reserved 1048576K
}
Event: 19.430 GC heap after
{Heap after GC invocations=37 (full 0):
 garbage-first heap   total 242688K, used 133831K [0x0000000080000000, 0x0000000100000000)
  region size 1024K, 8 young (8192K), 8 survivors (8192K)
 Metaspace       used 104744K, committed 105472K, reserved 1146880K
  class space    used 14146K, committed 14528K, reserved 1048576K
}
Event: 20.377 GC heap before
{Heap before GC invocations=37 (full 0):
 garbage-first heap   total 242688K, used 209607K [0x0000000080000000, 0x0000000100000000)
  region size 1024K, 70 young (71680K), 8 survivors (8192K)
 Metaspace       used 107566K, committed 108288K, reserved 1146880K
  class space    used 14688K, committed 15040K, reserved 1048576K
}
Event: 20.421 GC heap after
{Heap after GC invocations=38 (full 0):
 garbage-first heap   total 242688K, used 159431K [0x0000000080000000, 0x0000000100000000)
  region size 1024K, 9 young (9216K), 9 survivors (9216K)
 Metaspace       used 107566K, committed 108288K, reserved 1146880K
  class space    used 14688K, committed 15040K, reserved 1048576K
}
Event: 20.733 GC heap before
{Heap before GC invocations=38 (full 0):
 garbage-first heap   total 242688K, used 194247K [0x0000000080000000, 0x0000000100000000)
  region size 1024K, 44 young (45056K), 9 survivors (9216K)
 Metaspace       used 107692K, committed 108416K, reserved 1146880K
  class space    used 14689K, committed 15040K, reserved 1048576K
}
Event: 20.785 GC heap after
{Heap after GC invocations=39 (full 0):
 garbage-first heap   total 242688K, used 177863K [0x0000000080000000, 0x0000000100000000)
  region size 1024K, 6 young (6144K), 6 survivors (6144K)
 Metaspace       used 107692K, committed 108416K, reserved 1146880K
  class space    used 14689K, committed 15040K, reserved 1048576K
}
Event: 20.948 GC heap before
{Heap before GC invocations=39 (full 0):
 garbage-first heap   total 242688K, used 198343K [0x0000000080000000, 0x0000000100000000)
  region size 1024K, 26 young (26624K), 6 survivors (6144K)
 Metaspace       used 107701K, committed 108416K, reserved 1146880K
  class space    used 14689K, committed 15040K, reserved 1048576K
}

