# JRE version: OpenJDK Runtime Environment (17.0.6) (build 17.0.6+0-b2043.56-9586694)
# Java VM: OpenJDK 64-Bit Server VM (17.0.6+0-b2043.56-9586694, mixed mode, tiered, compressed oops, compressed class ptrs, g1 gc, windows-amd64)
GC Precious Log:
 CPUs: 4 total, 4 available
 Memory: 16223M
 Large Page Support: Disabled
 NUMA Support: Disabled
 Compressed Oops: Enabled (32-bit)
 Heap Region Size: 1M
 Heap Min Capacity: 8M
 Heap Initial Capacity: 254M
 Heap Max Capacity: 2G
 Pre-touch: Disabled
 Parallel Workers: 4
 Concurrent Workers: 1
 Concurrent Refinement Workers: 4
 Periodic GC: Disabled
Heap:
 garbage-first heap   total 260096K, used 158720K [0x0000000080000000, 0x0000000100000000)
  region size 1024K, 3 young (3072K), 3 survivors (3072K)
 Metaspace       used 107470K, committed 108160K, reserved 1146880K
  class space    used 14691K, committed 15040K, reserved 1048576K
GC Heap History (20 events):
Event: 12.543 GC heap after
{Heap after GC invocations=23 (full 0):
 garbage-first heap   total 169984K, used 75165K [0x0000000080000000, 0x0000000100000000)
  region size 1024K, 9 young (9216K), 9 survivors (9216K)
 Metaspace       used 86412K, committed 86976K, reserved 1130496K
  class space    used 11652K, committed 11904K, reserved 1048576K
}
Event: 13.560 GC heap before
{Heap before GC invocations=23 (full 0):
 garbage-first heap   total 169984K, used 136605K [0x0000000080000000, 0x0000000100000000)
  region size 1024K, 69 young (70656K), 9 survivors (9216K)
 Metaspace       used 92835K, committed 93440K, reserved 1130496K
  class space    used 12571K, committed 12864K, reserved 1048576K
}
Event: 13.583 GC heap after
{Heap after GC invocations=24 (full 0):
 garbage-first heap   total 169984K, used 81687K [0x0000000080000000, 0x0000000100000000)
  region size 1024K, 6 young (6144K), 6 survivors (6144K)
 Metaspace       used 92835K, committed 93440K, reserved 1130496K
  class space    used 12571K, committed 12864K, reserved 1048576K
}
Event: 14.075 GC heap before
{Heap before GC invocations=24 (full 0):
 garbage-first heap   total 169984K, used 135959K [0x0000000080000000, 0x0000000100000000)
  region size 1024K, 60 young (61440K), 6 survivors (6144K)
 Metaspace       used 93797K, committed 94400K, reserved 1130496K
  class space    used 12651K, committed 12992K, reserved 1048576K
}
Event: 14.097 GC heap after
{Heap after GC invocations=25 (full 0):
 garbage-first heap   total 169984K, used 91136K [0x0000000080000000, 0x0000000100000000)
  region size 1024K, 8 young (8192K), 8 survivors (8192K)
 Metaspace       used 93797K, committed 94400K, reserved 1130496K
  class space    used 12651K, committed 12992K, reserved 1048576K
}
Event: 14.920 GC heap before
{Heap before GC invocations=25 (full 0):
 garbage-first heap   total 169984K, used 135168K [0x0000000080000000, 0x0000000100000000)
  region size 1024K, 52 young (53248K), 8 survivors (8192K)
 Metaspace       used 96885K, committed 97600K, reserved 1138688K
  class space    used 13109K, committed 13440K, reserved 1048576K
}
Event: 14.941 GC heap after
{Heap after GC invocations=26 (full 0):
 garbage-first heap   total 204800K, used 96692K [0x0000000080000000, 0x0000000100000000)
  region size 1024K, 5 young (5120K), 5 survivors (5120K)
 Metaspace       used 96885K, committed 97600K, reserved 1138688K
  class space    used 13109K, committed 13440K, reserved 1048576K
}
Event: 16.416 GC heap before
{Heap before GC invocations=27 (full 0):
 garbage-first heap   total 204800K, used 162228K [0x0000000080000000, 0x0000000100000000)
  region size 1024K, 70 young (71680K), 5 survivors (5120K)
 Metaspace       used 97700K, committed 98304K, reserved 1138688K
  class space    used 13163K, committed 13440K, reserved 1048576K
}
Event: 16.429 GC heap after
{Heap after GC invocations=28 (full 0):
 garbage-first heap   total 204800K, used 101005K [0x0000000080000000, 0x0000000100000000)
  region size 1024K, 9 young (9216K), 9 survivors (9216K)
 Metaspace       used 97700K, committed 98304K, reserved 1138688K
  class space    used 13163K, committed 13440K, reserved 1048576K
}
Event: 16.435 GC heap before
{Heap before GC invocations=28 (full 0):
 garbage-first heap   total 204800K, used 102029K [0x0000000080000000, 0x0000000100000000)
  region size 1024K, 10 young (10240K), 9 survivors (9216K)
 Metaspace       used 97707K, committed 98304K, reserved 1138688K
  class space    used 13163K, committed 13440K, reserved 1048576K
}
Event: 16.446 GC heap after
{Heap after GC invocations=29 (full 0):
 garbage-first heap   total 204800K, used 101427K [0x0000000080000000, 0x0000000100000000)
  region size 1024K, 2 young (2048K), 2 survivors (2048K)
 Metaspace       used 97707K, committed 98304K, reserved 1138688K
  class space    used 13163K, committed 13440K, reserved 1048576K
}
Event: 17.429 GC heap before
{Heap before GC invocations=29 (full 0):
 garbage-first heap   total 204800K, used 163891K [0x0000000080000000, 0x0000000100000000)
  region size 1024K, 64 young (65536K), 2 survivors (2048K)
 Metaspace       used 100866K, committed 101568K, reserved 1138688K
  class space    used 13577K, committed 13888K, reserved 1048576K
}
Event: 17.440 GC heap after
{Heap after GC invocations=30 (full 0):
 garbage-first heap   total 204800K, used 105377K [0x0000000080000000, 0x0000000100000000)
  region size 1024K, 6 young (6144K), 6 survivors (6144K)
 Metaspace       used 100866K, committed 101568K, reserved 1138688K
  class space    used 13577K, committed 13888K, reserved 1048576K
}
Event: 18.568 GC heap before
{Heap before GC invocations=31 (full 0):
 garbage-first heap   total 204800K, used 187297K [0x0000000080000000, 0x0000000100000000)
  region size 1024K, 65 young (66560K), 6 survivors (6144K)
 Metaspace       used 104740K, committed 105408K, reserved 1146880K
  class space    used 14150K, committed 14464K, reserved 1048576K
}
Event: 18.580 GC heap after
{Heap after GC invocations=32 (full 0):
 garbage-first heap   total 204800K, used 131791K [0x0000000080000000, 0x0000000100000000)
  region size 1024K, 8 young (8192K), 8 survivors (8192K)
 Metaspace       used 104740K, committed 105408K, reserved 1146880K
  class space    used 14150K, committed 14464K, reserved 1048576K
}
Event: 18.581 GC heap before
{Heap before GC invocations=32 (full 0):
 garbage-first heap   total 204800K, used 134863K [0x0000000080000000, 0x0000000100000000)
  region size 1024K, 10 young (10240K), 8 survivors (8192K)
 Metaspace       used 104742K, committed 105408K, reserved 1146880K
  class space    used 14150K, committed 14464K, reserved 1048576K
}
Event: 18.587 GC heap after
{Heap after GC invocations=33 (full 0):
 garbage-first heap   total 204800K, used 130339K [0x0000000080000000, 0x0000000100000000)
  region size 1024K, 2 young (2048K), 2 survivors (2048K)
 Metaspace       used 104742K, committed 105408K, reserved 1146880K
  class space    used 14150K, committed 14464K, reserved 1048576K
}
Event: 19.013 GC heap before
{Heap before GC invocations=33 (full 0):
 garbage-first heap   total 204800K, used 183587K [0x0000000080000000, 0x0000000100000000)
  region size 1024K, 40 young (40960K), 2 survivors (2048K)
 Metaspace       used 105085K, committed 105792K, reserved 1146880K
  class space    used 14197K, committed 14528K, reserved 1048576K
}
Event: 19.035 GC heap after
{Heap after GC invocations=34 (full 0):
 garbage-first heap   total 204800K, used 151464K [0x0000000080000000, 0x0000000100000000)
  region size 1024K, 5 young (5120K), 5 survivors (5120K)
 Metaspace       used 105085K, committed 105792K, reserved 1146880K
  class space    used 14197K, committed 14528K, reserved 1048576K
}
Event: 19.350 GC heap before
{Heap before GC invocations=34 (full 0):
 garbage-first heap   total 204800K, used 169896K [0x0000000080000000, 0x0000000100000000)
  region size 1024K, 23 young (23552K), 5 survivors (5120K)
 Metaspace       used 107470K, committed 108160K, reserved 1146880K
  class space    used 14691K, committed 15040K, reserved 1048576K
}

